<?xml version="1.0" encoding="UTF-8"?>
<!-- Generated by org.testng.reporters.JUnitReportReporter -->
<testsuite hostname="MIKEY-MAC-095" failures="0" tests="2" name="Test.Day1" time="0.007" errors="0" timestamp="2023-04-30T22:05:31 EDT" skipped="1">
  <testcase classname="Test.Day1" name="priyank2" time="0.007"/>
  <system-out/>
  <testcase classname="Test.Day1" name="priyank">
    <skipped/>
  </testcase> <!-- priyank -->
  <system-out/>
</testsuite> <!-- Test.Day1 -->
