<?xml version="1.0" encoding="UTF-8"?>
<!-- Generated by org.testng.reporters.JUnitReportReporter -->
<testsuite hostname="MIKEY-MAC-095" failures="0" tests="2" name="Test.day4" time="0.009" errors="0" timestamp="2023-04-30T22:05:31 EDT" skipped="0">
  <testcase classname="Test.day4" name="LoginAPIHomeLoan" time="0.006"/>
  <system-out/>
  <testcase classname="Test.day4" name="WebloginHomeLoan" time="0.003"/>
  <system-out/>
</testsuite> <!-- Test.day4 -->
