<?xml version="1.0" encoding="UTF-8"?>
<!-- Generated by org.testng.reporters.JUnitReportReporter -->
<testsuite hostname="MIKEY-MAC-095" failures="0" tests="1" name="Test.day2" time="0.003" errors="0" timestamp="2023-04-30T22:05:31 EDT" skipped="0">
  <testcase classname="Test.day2" name="test2" time="0.003"/>
  <system-out/>
</testsuite> <!-- Test.day2 -->
